<?xml version="1.0" encoding="UTF-8"?>
<testsuite xmlns:xsi="http://www.w3.org/2001/XMLSchema-instance" xsi:schemaLocation="https://maven.apache.org/surefire/maven-surefire-plugin/xsd/surefire-test-report.xsd" name="TestSuite" time="85.403" tests="12" errors="0" skipped="0" failures="2">
  <properties>
    <property name="java.runtime.name" value="Java(TM) SE Runtime Environment"/>
    <property name="sun.boot.library.path" value="D:\Work\programs\Java\jdk1.8.0_73\jre\bin"/>
    <property name="java.vm.version" value="25.73-b02"/>
    <property name="java.vm.vendor" value="Oracle Corporation"/>
    <property name="maven.multiModuleProjectDirectory" value="D:\Work\programs\Jenkins\workspace\AndroidUiautoTest"/>
    <property name="java.vendor.url" value="http://java.oracle.com/"/>
    <property name="path.separator" value=";"/>
    <property name="guice.disable.misplaced.annotation.check" value="true"/>
    <property name="java.vm.name" value="Java HotSpot(TM) 64-Bit Server VM"/>
    <property name="file.encoding.pkg" value="sun.io"/>
    <property name="user.script" value=""/>
    <property name="user.country" value="CN"/>
    <property name="sun.java.launcher" value="SUN_STANDARD"/>
    <property name="sun.os.patch.level" value=""/>
    <property name="java.vm.specification.name" value="Java Virtual Machine Specification"/>
    <property name="user.dir" value="D:\Work\programs\Jenkins\workspace\AndroidUiautoTest"/>
    <property name="java.runtime.version" value="1.8.0_73-b02"/>
    <property name="java.awt.graphicsenv" value="sun.awt.Win32GraphicsEnvironment"/>
    <property name="java.endorsed.dirs" value="D:\Work\programs\Java\jdk1.8.0_73\jre\lib\endorsed"/>
    <property name="os.arch" value="amd64"/>
    <property name="java.io.tmpdir" value="C:\WINDOWS\TEMP\"/>
    <property name="line.separator" value="&#10;"/>
    <property name="java.vm.specification.vendor" value="Oracle Corporation"/>
    <property name="user.variant" value=""/>
    <property name="os.name" value="Windows 10"/>
    <property name="classworlds.conf" value="D:\Work\programs\apache-maven-3.3.9\bin\m2.conf"/>
    <property name="sun.jnu.encoding" value="GBK"/>
    <property name="java.library.path" value="D:\Work\programs\Java\jdk1.8.0_73\bin;C:\WINDOWS\Sun\Java\bin;C:\WINDOWS\system32;C:\WINDOWS;D:\Work\programs\apache-maven-3.3.9/bin;D:\Work\programs\Java\jdk1.8.0_73/bin;D:\Work\programs\Java\jdk1.8.0_73/bin;D:\Work\programs\Python35-32\Scripts\;D:\Work\programs\Python35-32\;C:\ProgramData\Oracle\Java\javapath;C:\Program Files (x86)\Lenovo\FusionEngine;C:\Program Files (x86)\NVIDIA Corporation\PhysX\Common;C:\Program Files (x86)\Intel\iCLS Client\;C:\Program Files\Intel\iCLS Client\;C:\WINDOWS\system32;C:\WINDOWS;C:\WINDOWS\System32\Wbem;C:\WINDOWS\System32\WindowsPowerShell\v1.0\;C:\Program Files\Intel\Intel(R) Management Engine Components\DAL;C:\Program Files\Intel\Intel(R) Management Engine Components\IPT;C:\Program Files (x86)\Intel\Intel(R) Management Engine Components\DAL;C:\Program Files (x86)\Intel\Intel(R) Management Engine Components\IPT;C:\Program Files\Intel\WiFi\bin\;C:\Program Files\Common Files\Intel\WirelessCommon\;C:\Program Files (x86)\iFLYTEK\VoiceAssistant\SpeechPlusRuntime;;C:\Program Files (x86)\Lenovo\Voice SDK;D:\Work\programs\TortoiseSVN\bin;D:\Work\programs\nodejs\;;."/>
    <property name="java.specification.name" value="Java Platform API Specification"/>
    <property name="java.class.version" value="52.0"/>
    <property name="sun.management.compiler" value="HotSpot 64-Bit Tiered Compilers"/>
    <property name="os.version" value="10.0"/>
    <property name="user.home" value="C:\WINDOWS\system32\config\systemprofile"/>
    <property name="user.timezone" value="Asia/Shanghai"/>
    <property name="java.awt.printerjob" value="sun.awt.windows.WPrinterJob"/>
    <property name="java.specification.version" value="1.8"/>
    <property name="file.encoding" value="GBK"/>
    <property name="user.name" value="TWL20160304004$"/>
    <property name="java.class.path" value="D:\Work\programs\apache-maven-3.3.9\boot\plexus-classworlds-2.5.2.jar"/>
    <property name="java.vm.specification.version" value="1.8"/>
    <property name="sun.arch.data.model" value="64"/>
    <property name="java.home" value="D:\Work\programs\Java\jdk1.8.0_73\jre"/>
    <property name="sun.java.command" value="org.codehaus.plexus.classworlds.launcher.Launcher -f D:\Work\SVN\UiAutomatorTestDir\UiAutoQB\pom.xml test -PQBAuto"/>
    <property name="java.specification.vendor" value="Oracle Corporation"/>
    <property name="user.language" value="zh"/>
    <property name="awt.toolkit" value="sun.awt.windows.WToolkit"/>
    <property name="java.vm.info" value="mixed mode"/>
    <property name="java.version" value="1.8.0_73"/>
    <property name="java.ext.dirs" value="D:\Work\programs\Java\jdk1.8.0_73\jre\lib\ext;C:\WINDOWS\Sun\Java\lib\ext"/>
    <property name="sun.boot.class.path" value="D:\Work\programs\Java\jdk1.8.0_73\jre\lib\resources.jar;D:\Work\programs\Java\jdk1.8.0_73\jre\lib\rt.jar;D:\Work\programs\Java\jdk1.8.0_73\jre\lib\sunrsasign.jar;D:\Work\programs\Java\jdk1.8.0_73\jre\lib\jsse.jar;D:\Work\programs\Java\jdk1.8.0_73\jre\lib\jce.jar;D:\Work\programs\Java\jdk1.8.0_73\jre\lib\charsets.jar;D:\Work\programs\Java\jdk1.8.0_73\jre\lib\jfr.jar;D:\Work\programs\Java\jdk1.8.0_73\jre\classes"/>
    <property name="java.vendor" value="Oracle Corporation"/>
    <property name="maven.home" value="D:\Work\programs\apache-maven-3.3.9"/>
    <property name="file.separator" value="\"/>
    <property name="java.vendor.url.bug" value="http://bugreport.sun.com/bugreport/"/>
    <property name="sun.cpu.endian" value="little"/>
    <property name="sun.io.unicode.encoding" value="UnicodeLittle"/>
    <property name="sun.desktop" value="windows"/>
    <property name="sun.cpu.isalist" value="amd64"/>
  </properties>
  <testcase name="storeAddress" classname="smoke.b.qccr.AccoutInfo_NormalTest" time="4.923"/>
  <testcase name="storeContect" classname="smoke.b.qccr.AccoutInfo_NormalTest" time="0.104">
    <failure message="门店联系方式信息不一致 expected [15111111665] but found [15111111665&#10;0571-86044433]" type="java.lang.AssertionError">java.lang.AssertionError: 
门店联系方式信息不一致 expected [15111111665] but found [15111111665
0571-86044433]
	at smoke.b.qccr.AccoutInfo_NormalTest.storeContect(AccoutInfo_NormalTest.java:50)
</failure>
    <system-out><![CDATA[2016-06-15 09:37:51 [TestCaseRuncDebugLogger]-[INFO] 当前的CSV文件地址是: D:\Work\SVN\UiAutomatorTestDir\UiAutoQB/src/main/resources/TestCase-Data/AccoutInfo/NormalTest/storeContect.csv-------------
2016-06-15 09:37:51 [TestCaseRuncDebugLogger]-[INFO] 当前参数值是: AccoutInfo_001--------------
2016-06-15 09:37:51 [TestCaseRuncDebugLogger]-[INFO] 当前参数值是: 闂ㄥ簵鑱旂郴鏂瑰紡--------------
2016-06-15 09:37:51 [TestCaseRunInfoLogger]-[INFO] ######################################################################################################
2016-06-15 09:37:51 [TestCaseRunInfoLogger]-[INFO] 用例执行环境初始化开始....
2016-06-15 09:37:51 [TestCaseRunInfoLogger]-[INFO] 测试类: smoke.b.qccr.AccoutInfoAddAddress_NormalTest
2016-06-15 09:37:51 [TestCaseRunInfoLogger]-[INFO] ######################################################################################################

2016-06-15 09:37:51 [TestCaseRunInfoLogger]-[INFO] 
>>>>>>>>>>>>>>>>>>>>>>>>>>>>>>>>>>>>>>>>>>>>>>>>>>>>>>>>>>>>>>>>>>>>>>>>>>>>>>>>>>>>>>>>>>>>>>>>>>>>>>
2016-06-15 09:37:51 [TestCaseRunInfoLogger]-[INFO] >>>>>>>>>>>>>>>>>>>>>>开始执行smokeTest下的测试用例: 【 storeContect 】<<<<<<<<<<<<<<<<<<<<<
2016-06-15 09:37:51 [TestCaseRunInfoLogger]-[INFO] >>>>>>>>>>>>>>>>>>>>>>>>>>>>>>>>>>>>>>>>>>>>>>>>>>>>>>>>>>>>>>>>>>>>>>>>>>>>>>>>>>>>>>>>>>>>>>>>>>>>>>



2016-06-15 09:37:51 [TestCaseRunInfoLogger]-[INFO] >>>>>>>>>>>>>>>>>>>>>>>>>>>>>>>>>>>>>>>>>>>>>>>>>>>>>>>>>>>>>>>>>>>>>>>>>>>>>>>>>>>>>>>>>>>>>>>>>>>>>>
2016-06-15 09:37:51 [TestCaseRunErrorLogger]-[ERROR] 测试用例:【storeContect】执行失败....
2016-06-15 09:37:51 [TestCaseRunErrorLogger]-[ERROR] 失败信息1:门店联系方式信息不一致 expected [15111111665] but found [15111111665
0571-86044433]
2016-06-15 09:37:51 [TestCaseRunErrorLogger]-[ERROR] 失败信息2:

2016-06-15 09:37:51 [TestCaseRunInfoLogger]-[INFO] >>>>>>>>>>>>>>>>>>>>>>>>>>>>>>>>>>>>>>>>>>>>>>>>>>>>>>>>>>>>>>>>>>>>>>>>>>>>>>>>>>>>>>>>>>>>>>>>>>>>>>



]]></system-out>
    <system-err><![CDATA[java.lang.AssertionError: 门店联系方式信息不一致 expected [15111111665] but found [15111111665
0571-86044433]
	at org.testng.Assert.fail(Assert.java:94)
	at org.testng.Assert.failNotEquals(Assert.java:494)
	at org.testng.Assert.assertEquals(Assert.java:123)
	at org.testng.Assert.assertEquals(Assert.java:176)
	at com.common.ats.Assert.AtsAssertUtils.assertEquals(AtsAssertUtils.java:33)
	at smoke.b.qccr.AccoutInfo_NormalTest.storeContect(AccoutInfo_NormalTest.java:50)
	at sun.reflect.NativeMethodAccessorImpl.invoke0(Native Method)
	at sun.reflect.NativeMethodAccessorImpl.invoke(NativeMethodAccessorImpl.java:62)
	at sun.reflect.DelegatingMethodAccessorImpl.invoke(DelegatingMethodAccessorImpl.java:43)
	at java.lang.reflect.Method.invoke(Method.java:497)
	at org.testng.internal.MethodInvocationHelper.invokeMethod(MethodInvocationHelper.java:84)
	at org.testng.internal.Invoker.invokeMethod(Invoker.java:714)
	at org.testng.internal.Invoker.invokeTestMethod(Invoker.java:901)
	at org.testng.internal.Invoker.invokeTestMethods(Invoker.java:1231)
	at org.testng.internal.TestMethodWorker.invokeTestMethods(TestMethodWorker.java:127)
	at org.testng.internal.TestMethodWorker.run(TestMethodWorker.java:111)
	at org.testng.TestRunner.privateRun(TestRunner.java:767)
	at org.testng.TestRunner.run(TestRunner.java:617)
	at org.testng.SuiteRunner.runTest(SuiteRunner.java:334)
	at org.testng.SuiteRunner.runSequentially(SuiteRunner.java:329)
	at org.testng.SuiteRunner.privateRun(SuiteRunner.java:291)
	at org.testng.SuiteRunner.run(SuiteRunner.java:240)
	at org.testng.SuiteRunnerWorker.runSuite(SuiteRunnerWorker.java:52)
	at org.testng.SuiteRunnerWorker.run(SuiteRunnerWorker.java:86)
	at org.testng.TestNG.runSuitesSequentially(TestNG.java:1224)
	at org.testng.TestNG.runSuitesLocally(TestNG.java:1149)
	at org.testng.TestNG.run(TestNG.java:1057)
	at org.apache.maven.surefire.testng.TestNGExecutor.run(TestNGExecutor.java:281)
	at org.apache.maven.surefire.testng.TestNGXmlTestSuite.execute(TestNGXmlTestSuite.java:75)
	at org.apache.maven.surefire.testng.TestNGProvider.invoke(TestNGProvider.java:121)
	at org.apache.maven.surefire.booter.ForkedBooter.invokeProviderInSameClassLoader(ForkedBooter.java:290)
	at org.apache.maven.surefire.booter.ForkedBooter.runSuitesInProcess(ForkedBooter.java:242)
	at org.apache.maven.surefire.booter.ForkedBooter.main(ForkedBooter.java:121)
]]></system-err>
  </testcase>
  <testcase name="yingYeStartTime" classname="smoke.b.qccr.AccoutInfo_NormalTest" time="0.038"/>
  <testcase name="yingYeOverTime" classname="smoke.b.qccr.AccoutInfo_NormalTest" time="0.034"/>
  <testcase name="yingYeStatus" classname="smoke.b.qccr.AccoutInfo_NormalTest" time="0.351"/>
  <testcase name="testAddDB" classname="smoke.b.qccr.AccoutInfoAddAddress_NormalTest" time="33.313">
    <failure message="数据库--收货地址添加失败 expected [true] but found [false]" type="java.lang.AssertionError">java.lang.AssertionError: 数据库--收货地址添加失败 expected [true] but found [false]
	at smoke.b.qccr.AccoutInfoAddAddress_NormalTest.testAddDB(AccoutInfoAddAddress_NormalTest.java:55)
</failure>
    <system-out><![CDATA[2016-06-15 09:37:54 [TestCaseRuncDebugLogger]-[INFO] 当前的CSV文件地址是: D:\Work\SVN\UiAutomatorTestDir\UiAutoQB/src/main/resources/TestCase-Data/AccoutInfoAddAddress/NormalTest/testAddDB.csv-------------
2016-06-15 09:37:54 [TestCaseRuncDebugLogger]-[INFO] 当前参数值是: add_address_002--------------
2016-06-15 09:37:54 [TestCaseRuncDebugLogger]-[INFO] 当前参数值是: 娣诲姞鍦板潃DB淇℃伅--------------
2016-06-15 09:37:54 [TestCaseRuncDebugLogger]-[INFO] 当前参数值是: uiauto--------------
2016-06-15 09:37:54 [TestCaseRuncDebugLogger]-[INFO] 当前参数值是: 13213213213--------------
2016-06-15 09:37:54 [TestCaseRuncDebugLogger]-[INFO] 当前参数值是: 瑗挎箹璺?111鍙?--------------
2016-06-15 09:37:54 [TestCaseRunInfoLogger]-[INFO] ######################################################################################################
2016-06-15 09:37:54 [TestCaseRunInfoLogger]-[INFO] 用例执行环境初始化开始....
2016-06-15 09:37:54 [TestCaseRunInfoLogger]-[INFO] 测试类: smoke.b.qccr.AccoutInfoAddAddress_NormalTest
2016-06-15 09:37:54 [TestCaseRunInfoLogger]-[INFO] ######################################################################################################

2016-06-15 09:37:54 [TestCaseRunInfoLogger]-[INFO] 
>>>>>>>>>>>>>>>>>>>>>>>>>>>>>>>>>>>>>>>>>>>>>>>>>>>>>>>>>>>>>>>>>>>>>>>>>>>>>>>>>>>>>>>>>>>>>>>>>>>>>>
2016-06-15 09:37:54 [TestCaseRunInfoLogger]-[INFO] >>>>>>>>>>>>>>>>>>>>>>开始执行smokeTest下的测试用例: 【 testAddDB 】<<<<<<<<<<<<<<<<<<<<<
2016-06-15 09:37:54 [TestCaseRunInfoLogger]-[INFO] >>>>>>>>>>>>>>>>>>>>>>>>>>>>>>>>>>>>>>>>>>>>>>>>>>>>>>>>>>>>>>>>>>>>>>>>>>>>>>>>>>>>>>>>>>>>>>>>>>>>>>

2016-06-15 09:37:54 [TestCaseRuncDebugLogger]-[INFO] 当前连接的数据库配置信息是: user_address----null
2016-06-15 09:38:25 [TestCaseRuncDebugLogger]-[INFO] 当前连接的数据库配置信息是: user_address----null
2016-06-15 09:38:25 [com.common.ats.DBUtils.DbOperationUtils.Db_operation]-[INFO] 当前返回的参数内容是： contacts:uiauto
2016-06-15 09:38:25 [com.common.ats.DBUtils.DbOperationUtils.Db_operation]-[INFO] 当前返回的参数内容是： phone:13213213213
2016-06-15 09:38:25 [com.common.ats.DBUtils.DbOperationUtils.Db_operation]-[INFO] 当前返回的参数内容是： detail:浙江省杭州市西湖区_瑗挎箹璺?111


2016-06-15 09:38:27 [TestCaseRunInfoLogger]-[INFO] >>>>>>>>>>>>>>>>>>>>>>>>>>>>>>>>>>>>>>>>>>>>>>>>>>>>>>>>>>>>>>>>>>>>>>>>>>>>>>>>>>>>>>>>>>>>>>>>>>>>>>
2016-06-15 09:38:27 [TestCaseRunErrorLogger]-[ERROR] 测试用例:【testAddDB】执行失败....
2016-06-15 09:38:27 [TestCaseRunErrorLogger]-[ERROR] 失败信息1:数据库--收货地址添加失败 expected [true] but found [false]
2016-06-15 09:38:27 [TestCaseRunErrorLogger]-[ERROR] 失败信息2:

2016-06-15 09:38:27 [TestCaseRunInfoLogger]-[INFO] >>>>>>>>>>>>>>>>>>>>>>>>>>>>>>>>>>>>>>>>>>>>>>>>>>>>>>>>>>>>>>>>>>>>>>>>>>>>>>>>>>>>>>>>>>>>>>>>>>>>>>



]]></system-out>
    <system-err><![CDATA[java.lang.AssertionError: 数据库--收货地址添加失败 expected [true] but found [false]
	at org.testng.Assert.fail(Assert.java:94)
	at org.testng.Assert.failNotEquals(Assert.java:494)
	at org.testng.Assert.assertTrue(Assert.java:42)
	at com.common.ats.Assert.AtsAssertUtils.assertTrue(AtsAssertUtils.java:50)
	at smoke.b.qccr.AccoutInfoAddAddress_NormalTest.testAddDB(AccoutInfoAddAddress_NormalTest.java:55)
	at sun.reflect.NativeMethodAccessorImpl.invoke0(Native Method)
	at sun.reflect.NativeMethodAccessorImpl.invoke(NativeMethodAccessorImpl.java:62)
	at sun.reflect.DelegatingMethodAccessorImpl.invoke(DelegatingMethodAccessorImpl.java:43)
	at java.lang.reflect.Method.invoke(Method.java:497)
	at org.testng.internal.MethodInvocationHelper.invokeMethod(MethodInvocationHelper.java:84)
	at org.testng.internal.Invoker.invokeMethod(Invoker.java:714)
	at org.testng.internal.Invoker.invokeTestMethod(Invoker.java:901)
	at org.testng.internal.Invoker.invokeTestMethods(Invoker.java:1231)
	at org.testng.internal.TestMethodWorker.invokeTestMethods(TestMethodWorker.java:127)
	at org.testng.internal.TestMethodWorker.run(TestMethodWorker.java:111)
	at org.testng.TestRunner.privateRun(TestRunner.java:767)
	at org.testng.TestRunner.run(TestRunner.java:617)
	at org.testng.SuiteRunner.runTest(SuiteRunner.java:334)
	at org.testng.SuiteRunner.runSequentially(SuiteRunner.java:329)
	at org.testng.SuiteRunner.privateRun(SuiteRunner.java:291)
	at org.testng.SuiteRunner.run(SuiteRunner.java:240)
	at org.testng.SuiteRunnerWorker.runSuite(SuiteRunnerWorker.java:52)
	at org.testng.SuiteRunnerWorker.run(SuiteRunnerWorker.java:86)
	at org.testng.TestNG.runSuitesSequentially(TestNG.java:1224)
	at org.testng.TestNG.runSuitesLocally(TestNG.java:1149)
	at org.testng.TestNG.run(TestNG.java:1057)
	at org.apache.maven.surefire.testng.TestNGExecutor.run(TestNGExecutor.java:281)
	at org.apache.maven.surefire.testng.TestNGXmlTestSuite.execute(TestNGXmlTestSuite.java:75)
	at org.apache.maven.surefire.testng.TestNGProvider.invoke(TestNGProvider.java:121)
	at org.apache.maven.surefire.booter.ForkedBooter.invokeProviderInSameClassLoader(ForkedBooter.java:290)
	at org.apache.maven.surefire.booter.ForkedBooter.runSuitesInProcess(ForkedBooter.java:242)
	at org.apache.maven.surefire.booter.ForkedBooter.main(ForkedBooter.java:121)
]]></system-err>
  </testcase>
  <testcase name="testAddPage" classname="smoke.b.qccr.AccoutInfoReceiveGoodsAddressr_NormalTest" time="5.764"/>
  <testcase name="testProductName" classname="smoke.b.qccr.ShoppingCart_NormalTest" time="6.128"/>
  <testcase name="testProductNum" classname="smoke.b.qccr.ShoppingCart_NormalTest" time="0.499"/>
  <testcase name="testProductPrice" classname="smoke.b.qccr.ShoppingCart_NormalTest" time="0.78"/>
  <testcase name="testExist" classname="smoke.b.qccr.GoodsList_NormalTest" time="4.503"/>
  <testcase name="testProductName" classname="smoke.b.qccr.GoodsList_NormalTest" time="3.813"/>
</testsuite>