<?xml version="1.0" encoding="UTF-8"?>
<testsuite name="performance test B"
           tests="1"
           failures="1"
           errors="0"
           skipped="0"
           time="44.358">
  <properties />
            <testcase name="toGetData" time="44.358" classname="com.tuhu.PerformanceTuHu">
                <failure type="org.openqa.selenium.NoSuchElementException"
                  message="An element could not be located on the page using the given search parameters. (WARNING: The server did not provide any stacktrace information)
Command duration or timeout: 11.45 seconds
For documentation on this error, please visit: http://seleniumhq.org/exceptions/no_such_element.html
Build info: version: &apos;2.48.2&apos;, revision: &apos;41bccdd10cf2c0560f637404c2d96164b67d9d67&apos;, time: &apos;2015-10-09 13:08:06&apos;
System info: host: &apos;TWL20160304004&apos;, ip: &apos;10.10.20.89&apos;, os.name: &apos;Windows 10&apos;, os.arch: &apos;amd64&apos;, os.version: &apos;10.0&apos;, java.version: &apos;1.8.0_77&apos;
Driver info: io.appium.java_client.android.AndroidDriver
Capabilities [{app=D:/Work/apks/TuHu_android_4.10.13.apk, networkConnectionEnabled=true, setWebContentsDebuggingEnabled=true, noReset=true, warnings={}, databaseEnabled=false, deviceName=7N2SQL151H030980, ignoreUnimportantViews=true, platform=LINUX, desired={app=D:/Work/apks/TuHu_android_4.10.13.apk, setWebContentsDebuggingEnabled=true, noReset=true, newCommandTimeout=300, unicodeKeyboard=true, platformName=Android, deviceName=eda6d8a9, resetKeyboard=true, ignoreUnimportantViews=true}, newCommandTimeout=300, platformVersion=5.1.1, webStorageEnabled=false, locationContextEnabled=false, browserName=Android, takesScreenshot=true, javascriptEnabled=true, unicodeKeyboard=true, platformName=Android, resetKeyboard=true}]
Session ID: ab9323af-f04d-4980-acfd-a5a103fa3041"
              >
<![CDATA[org.openqa.selenium.NoSuchElementException: An element could not be located on the page using the given search parameters. (WARNING: The server did not provide any stacktrace information)
Command duration or timeout: 11.45 seconds
For documentation on this error, please visit: http://seleniumhq.org/exceptions/no_such_element.html
Build info: version: '2.48.2', revision: '41bccdd10cf2c0560f637404c2d96164b67d9d67', time: '2015-10-09 13:08:06'
System info: host: 'TWL20160304004', ip: '10.10.20.89', os.name: 'Windows 10', os.arch: 'amd64', os.version: '10.0', java.version: '1.8.0_77'
Driver info: io.appium.java_client.android.AndroidDriver
Capabilities [{app=D:/Work/apks/TuHu_android_4.10.13.apk, networkConnectionEnabled=true, setWebContentsDebuggingEnabled=true, noReset=true, warnings={}, databaseEnabled=false, deviceName=7N2SQL151H030980, ignoreUnimportantViews=true, platform=LINUX, desired={app=D:/Work/apks/TuHu_android_4.10.13.apk, setWebContentsDebuggingEnabled=true, noReset=true, newCommandTimeout=300, unicodeKeyboard=true, platformName=Android, deviceName=eda6d8a9, resetKeyboard=true, ignoreUnimportantViews=true}, newCommandTimeout=300, platformVersion=5.1.1, webStorageEnabled=false, locationContextEnabled=false, browserName=Android, takesScreenshot=true, javascriptEnabled=true, unicodeKeyboard=true, platformName=Android, resetKeyboard=true}]
Session ID: ab9323af-f04d-4980-acfd-a5a103fa3041
  sun.reflect.NativeConstructorAccessorImpl.newInstance0(Native Method)
  sun.reflect.NativeConstructorAccessorImpl.newInstance(Unknown Source)
  sun.reflect.DelegatingConstructorAccessorImpl.newInstance(Unknown Source)
  java.lang.reflect.Constructor.newInstance(Unknown Source)
  org.openqa.selenium.remote.ErrorHandler.createThrowable(ErrorHandler.java:206)
  org.openqa.selenium.remote.ErrorHandler.throwIfResponseFailed(ErrorHandler.java:158)
  org.openqa.selenium.remote.RemoteWebDriver.execute(RemoteWebDriver.java:647)
  io.appium.java_client.DefaultGenericMobileDriver.execute(DefaultGenericMobileDriver.java:43)
  io.appium.java_client.AppiumDriver.execute(AppiumDriver.java:1)
  io.appium.java_client.android.AndroidDriver.execute(AndroidDriver.java:1)
  org.openqa.selenium.remote.RemoteWebElement.execute(RemoteWebElement.java:326)
  io.appium.java_client.DefaultGenericMobileElement.execute(DefaultGenericMobileElement.java:37)
  io.appium.java_client.MobileElement.execute(MobileElement.java:1)
  io.appium.java_client.android.AndroidElement.execute(AndroidElement.java:1)
  org.openqa.selenium.remote.RemoteWebElement.click(RemoteWebElement.java:84)
  baseClass.AppUiBaseDevice.toClick(AppUiBaseDevice.java:316)
  com.tuhu.PerformanceTuHu.toGetData(PerformanceTuHu.java:20)
  sun.reflect.NativeMethodAccessorImpl.invoke0(Native Method)
  sun.reflect.NativeMethodAccessorImpl.invoke(Unknown Source)
  sun.reflect.DelegatingMethodAccessorImpl.invoke(Unknown Source)
  java.lang.reflect.Method.invoke(Unknown Source)
  org.testng.internal.MethodInvocationHelper.invokeMethod(MethodInvocationHelper.java:84)
  org.testng.internal.Invoker.invokeMethod(Invoker.java:714)
  org.testng.internal.Invoker.invokeTestMethod(Invoker.java:901)
  org.testng.internal.Invoker.invokeTestMethods(Invoker.java:1231)
  org.testng.internal.TestMethodWorker.invokeTestMethods(TestMethodWorker.java:127)
  org.testng.internal.TestMethodWorker.run(TestMethodWorker.java:111)
  org.testng.TestRunner.privateRun(TestRunner.java:767)
  org.testng.TestRunner.run(TestRunner.java:617)
  org.testng.SuiteRunner.runTest(SuiteRunner.java:334)
  org.testng.SuiteRunner.runSequentially(SuiteRunner.java:329)
  org.testng.SuiteRunner.privateRun(SuiteRunner.java:291)
  org.testng.SuiteRunner.run(SuiteRunner.java:240)
  org.testng.SuiteRunnerWorker.runSuite(SuiteRunnerWorker.java:52)
  org.testng.SuiteRunnerWorker.run(SuiteRunnerWorker.java:86)
  org.testng.TestNG.runSuitesSequentially(TestNG.java:1224)
  org.testng.TestNG.runSuitesLocally(TestNG.java:1149)
  org.testng.TestNG.run(TestNG.java:1057)
  org.testng.remote.AbstractRemoteTestNG.run(AbstractRemoteTestNG.java:126)
  org.testng.remote.RemoteTestNG.initAndRun(RemoteTestNG.java:152)
  org.testng.remote.RemoteTestNG.main(RemoteTestNG.java:57)
]]>
      </failure>

          </testcase>
  
  
  
</testsuite>
