<?xml version="1.0" encoding="utf-8" ?>
<!DOCTYPE html PUBLIC "-//W3C//DTD XHTML 1.0 Strict//EN"
        "http://www.w3.org/TR/xhtml1/DTD/xhtml1-strict.dtd">
<html xmlns="http://www.w3.org/1999/xhtml" xml:lang="" lang="">
<head>
  <title>Test Results Report - smokeTest</title>
  <meta http-equiv="Content-Type" content="text/html;charset=utf-8" />
  <meta name="description" content="TestNG unit test results." />
  <link href="reportng.css" rel="stylesheet" type="text/css" />
    <script type="text/javascript" src="reportng.js"></script>
</head>
<body>
<h1>smokeTest</h1>
<p>
  Test duration: 321.658s
</p>



  <table class="resultsTable">
    <tr><th colspan="3" class="header failed">Failed Tests</th></tr>
          <tr>
        <td colspan="3" class="group">smoke.b.qccr.AccoutInfo_NormalTest</td>
      </tr>
            
<tr>
  <td class="method">
                  storeContect
      </td>
  <td class="duration">
    0.062s
  </td>
  <td class="result">
        
          <i>Method arguments: </i><span class="arguments">"AccoutInfo_001", "门店联系方式"</span><br />
    
        

        <a href="javascript:toggleElement('exception-0', 'block')" title="Click to expand/collapse"><b>java.lang.AssertionError: 门店联系方式信息不一致 expected [15111111665] but found [15111111665<br/>
0571-86044433]</b></a><br />
    <div class="stackTrace" id="exception-0">
              org.testng.Assert.fail(Assert.java:94)<br />
              org.testng.Assert.failNotEquals(Assert.java:494)<br />
              org.testng.Assert.assertEquals(Assert.java:123)<br />
              org.testng.Assert.assertEquals(Assert.java:176)<br />
              com.common.ats.Assert.AtsAssertUtils.assertEquals(AtsAssertUtils.java:33)<br />
              smoke.b.qccr.AccoutInfo_NormalTest.storeContect(AccoutInfo_NormalTest.java:50)<br />
              sun.reflect.NativeMethodAccessorImpl.invoke0(Native Method)<br />
              sun.reflect.NativeMethodAccessorImpl.invoke(Unknown Source)<br />
              sun.reflect.DelegatingMethodAccessorImpl.invoke(Unknown Source)<br />
              java.lang.reflect.Method.invoke(Unknown Source)<br />
              org.testng.internal.MethodInvocationHelper.invokeMethod(MethodInvocationHelper.java:84)<br />
              org.testng.internal.Invoker.invokeMethod(Invoker.java:714)<br />
              org.testng.internal.Invoker.invokeTestMethod(Invoker.java:901)<br />
              org.testng.internal.Invoker.invokeTestMethods(Invoker.java:1231)<br />
              org.testng.internal.TestMethodWorker.invokeTestMethods(TestMethodWorker.java:127)<br />
              org.testng.internal.TestMethodWorker.run(TestMethodWorker.java:111)<br />
              org.testng.TestRunner.privateRun(TestRunner.java:767)<br />
              org.testng.TestRunner.run(TestRunner.java:617)<br />
              org.testng.SuiteRunner.runTest(SuiteRunner.java:334)<br />
              org.testng.SuiteRunner.runSequentially(SuiteRunner.java:329)<br />
              org.testng.SuiteRunner.privateRun(SuiteRunner.java:291)<br />
              org.testng.SuiteRunner.run(SuiteRunner.java:240)<br />
              org.testng.SuiteRunnerWorker.runSuite(SuiteRunnerWorker.java:52)<br />
              org.testng.SuiteRunnerWorker.run(SuiteRunnerWorker.java:86)<br />
              org.testng.TestNG.runSuitesSequentially(TestNG.java:1224)<br />
              org.testng.TestNG.runSuitesLocally(TestNG.java:1149)<br />
              org.testng.TestNG.run(TestNG.java:1057)<br />
              org.testng.remote.AbstractRemoteTestNG.run(AbstractRemoteTestNG.java:126)<br />
              org.testng.remote.RemoteTestNG.initAndRun(RemoteTestNG.java:137)<br />
              org.testng.remote.RemoteTestNG.main(RemoteTestNG.java:58)<br />
                </div>
      </td>
</tr>
          <tr>
        <td colspan="3" class="group">smoke.b.qccr.ShoppingCart_NormalTest</td>
      </tr>
            
<tr>
  <td class="method">
                  testProductName
      </td>
  <td class="duration">
    5.278s
  </td>
  <td class="result">
        
          <i>Method arguments: </i><span class="arguments">"shoppingCart_01", "验证购物车商品名称"</span><br />
    
        

        <a href="javascript:toggleElement('exception-1', 'block')" title="Click to expand/collapse"><b>java.lang.IndexOutOfBoundsException: Index: 0, Size: 0</b></a><br />
    <div class="stackTrace" id="exception-1">
              java.util.ArrayList.rangeCheck(Unknown Source)<br />
              java.util.ArrayList.get(Unknown Source)<br />
              smoke.b.qccr.ShoppingCart_NormalTest.testProductName(ShoppingCart_NormalTest.java:36)<br />
              sun.reflect.NativeMethodAccessorImpl.invoke0(Native Method)<br />
              sun.reflect.NativeMethodAccessorImpl.invoke(Unknown Source)<br />
              sun.reflect.DelegatingMethodAccessorImpl.invoke(Unknown Source)<br />
              java.lang.reflect.Method.invoke(Unknown Source)<br />
              org.testng.internal.MethodInvocationHelper.invokeMethod(MethodInvocationHelper.java:84)<br />
              org.testng.internal.Invoker.invokeMethod(Invoker.java:714)<br />
              org.testng.internal.Invoker.invokeTestMethod(Invoker.java:901)<br />
              org.testng.internal.Invoker.invokeTestMethods(Invoker.java:1231)<br />
              org.testng.internal.TestMethodWorker.invokeTestMethods(TestMethodWorker.java:127)<br />
              org.testng.internal.TestMethodWorker.run(TestMethodWorker.java:111)<br />
              org.testng.TestRunner.privateRun(TestRunner.java:767)<br />
              org.testng.TestRunner.run(TestRunner.java:617)<br />
              org.testng.SuiteRunner.runTest(SuiteRunner.java:334)<br />
              org.testng.SuiteRunner.runSequentially(SuiteRunner.java:329)<br />
              org.testng.SuiteRunner.privateRun(SuiteRunner.java:291)<br />
              org.testng.SuiteRunner.run(SuiteRunner.java:240)<br />
              org.testng.SuiteRunnerWorker.runSuite(SuiteRunnerWorker.java:52)<br />
              org.testng.SuiteRunnerWorker.run(SuiteRunnerWorker.java:86)<br />
              org.testng.TestNG.runSuitesSequentially(TestNG.java:1224)<br />
              org.testng.TestNG.runSuitesLocally(TestNG.java:1149)<br />
              org.testng.TestNG.run(TestNG.java:1057)<br />
              org.testng.remote.AbstractRemoteTestNG.run(AbstractRemoteTestNG.java:126)<br />
              org.testng.remote.RemoteTestNG.initAndRun(RemoteTestNG.java:137)<br />
              org.testng.remote.RemoteTestNG.main(RemoteTestNG.java:58)<br />
                </div>
      </td>
</tr>
          <tr>
        <td colspan="3" class="group">smoke.b.qccr.Tikuan_NormalTest</td>
      </tr>
            
<tr>
  <td class="method">
                  testDrawings_amount
      </td>
  <td class="duration">
    3.836s
  </td>
  <td class="result">
        
          <i>Method arguments: </i><span class="arguments">"DrawMoney_001", "提款金额"</span><br />
    
        

        <a href="javascript:toggleElement('exception-2', 'block')" title="Click to expand/collapse"><b>java.lang.AssertionError: 提款金额不足 expected [true] but found [false]</b></a><br />
    <div class="stackTrace" id="exception-2">
              org.testng.Assert.fail(Assert.java:94)<br />
              org.testng.Assert.failNotEquals(Assert.java:494)<br />
              org.testng.Assert.assertTrue(Assert.java:42)<br />
              com.common.ats.Assert.AtsAssertUtils.assertTrue(AtsAssertUtils.java:50)<br />
              smoke.b.qccr.Tikuan_NormalTest.testDrawings_amount(Tikuan_NormalTest.java:66)<br />
              sun.reflect.NativeMethodAccessorImpl.invoke0(Native Method)<br />
              sun.reflect.NativeMethodAccessorImpl.invoke(Unknown Source)<br />
              sun.reflect.DelegatingMethodAccessorImpl.invoke(Unknown Source)<br />
              java.lang.reflect.Method.invoke(Unknown Source)<br />
              org.testng.internal.MethodInvocationHelper.invokeMethod(MethodInvocationHelper.java:84)<br />
              org.testng.internal.Invoker.invokeMethod(Invoker.java:714)<br />
              org.testng.internal.Invoker.invokeTestMethod(Invoker.java:901)<br />
              org.testng.internal.Invoker.invokeTestMethods(Invoker.java:1231)<br />
              org.testng.internal.TestMethodWorker.invokeTestMethods(TestMethodWorker.java:127)<br />
              org.testng.internal.TestMethodWorker.run(TestMethodWorker.java:111)<br />
              org.testng.TestRunner.privateRun(TestRunner.java:767)<br />
              org.testng.TestRunner.run(TestRunner.java:617)<br />
              org.testng.SuiteRunner.runTest(SuiteRunner.java:334)<br />
              org.testng.SuiteRunner.runSequentially(SuiteRunner.java:329)<br />
              org.testng.SuiteRunner.privateRun(SuiteRunner.java:291)<br />
              org.testng.SuiteRunner.run(SuiteRunner.java:240)<br />
              org.testng.SuiteRunnerWorker.runSuite(SuiteRunnerWorker.java:52)<br />
              org.testng.SuiteRunnerWorker.run(SuiteRunnerWorker.java:86)<br />
              org.testng.TestNG.runSuitesSequentially(TestNG.java:1224)<br />
              org.testng.TestNG.runSuitesLocally(TestNG.java:1149)<br />
              org.testng.TestNG.run(TestNG.java:1057)<br />
              org.testng.remote.AbstractRemoteTestNG.run(AbstractRemoteTestNG.java:126)<br />
              org.testng.remote.RemoteTestNG.initAndRun(RemoteTestNG.java:137)<br />
              org.testng.remote.RemoteTestNG.main(RemoteTestNG.java:58)<br />
                </div>
      </td>
</tr>
          <tr>
        <td colspan="3" class="group">smoke.b.qccr.VerificationCode_NormalTest</td>
      </tr>
            
<tr>
  <td class="method">
                  testVerificationCode
      </td>
  <td class="duration">
    17.891s
  </td>
  <td class="result">
        
          <i>Method arguments: </i><span class="arguments">"code001", "VerificationCode"</span><br />
    
        

        <a href="javascript:toggleElement('exception-3', 'block')" title="Click to expand/collapse"><b>java.lang.AssertionError: 验证码有问题 expected [请到【验证历史】中查看订单明细] but found [支付成功后才允许核销]</b></a><br />
    <div class="stackTrace" id="exception-3">
              org.testng.Assert.fail(Assert.java:94)<br />
              org.testng.Assert.failNotEquals(Assert.java:494)<br />
              org.testng.Assert.assertEquals(Assert.java:123)<br />
              org.testng.Assert.assertEquals(Assert.java:176)<br />
              com.common.ats.Assert.AtsAssertUtils.assertEquals(AtsAssertUtils.java:33)<br />
              smoke.b.qccr.VerificationCode_NormalTest.testVerificationCode(VerificationCode_NormalTest.java:59)<br />
              sun.reflect.NativeMethodAccessorImpl.invoke0(Native Method)<br />
              sun.reflect.NativeMethodAccessorImpl.invoke(Unknown Source)<br />
              sun.reflect.DelegatingMethodAccessorImpl.invoke(Unknown Source)<br />
              java.lang.reflect.Method.invoke(Unknown Source)<br />
              org.testng.internal.MethodInvocationHelper.invokeMethod(MethodInvocationHelper.java:84)<br />
              org.testng.internal.Invoker.invokeMethod(Invoker.java:714)<br />
              org.testng.internal.Invoker.invokeTestMethod(Invoker.java:901)<br />
              org.testng.internal.Invoker.invokeTestMethods(Invoker.java:1231)<br />
              org.testng.internal.TestMethodWorker.invokeTestMethods(TestMethodWorker.java:127)<br />
              org.testng.internal.TestMethodWorker.run(TestMethodWorker.java:111)<br />
              org.testng.TestRunner.privateRun(TestRunner.java:767)<br />
              org.testng.TestRunner.run(TestRunner.java:617)<br />
              org.testng.SuiteRunner.runTest(SuiteRunner.java:334)<br />
              org.testng.SuiteRunner.runSequentially(SuiteRunner.java:329)<br />
              org.testng.SuiteRunner.privateRun(SuiteRunner.java:291)<br />
              org.testng.SuiteRunner.run(SuiteRunner.java:240)<br />
              org.testng.SuiteRunnerWorker.runSuite(SuiteRunnerWorker.java:52)<br />
              org.testng.SuiteRunnerWorker.run(SuiteRunnerWorker.java:86)<br />
              org.testng.TestNG.runSuitesSequentially(TestNG.java:1224)<br />
              org.testng.TestNG.runSuitesLocally(TestNG.java:1149)<br />
              org.testng.TestNG.run(TestNG.java:1057)<br />
              org.testng.remote.AbstractRemoteTestNG.run(AbstractRemoteTestNG.java:126)<br />
              org.testng.remote.RemoteTestNG.initAndRun(RemoteTestNG.java:137)<br />
              org.testng.remote.RemoteTestNG.main(RemoteTestNG.java:58)<br />
                </div>
      </td>
</tr>
          <tr>
        <td colspan="3" class="group">smoke.b.qccr.VerificationRecordsAll_NormalTest</td>
      </tr>
            
<tr>
  <td class="method">
                  testCountNum
      </td>
  <td class="duration">
    5.096s
  </td>
  <td class="result">
        
          <i>Method arguments: </i><span class="arguments">"code001", "验证历史--全部--订单数量"</span><br />
    
        

        <a href="javascript:toggleElement('exception-4', 'block')" title="Click to expand/collapse"><b>java.lang.AssertionError: 数量不一致 expected [13] but found [0]</b></a><br />
    <div class="stackTrace" id="exception-4">
              org.testng.Assert.fail(Assert.java:94)<br />
              org.testng.Assert.failNotEquals(Assert.java:494)<br />
              org.testng.Assert.assertEquals(Assert.java:123)<br />
              org.testng.Assert.assertEquals(Assert.java:176)<br />
              com.common.ats.Assert.AtsAssertUtils.assertEquals(AtsAssertUtils.java:33)<br />
              smoke.b.qccr.VerificationRecordsAll_NormalTest.testCountNum(VerificationRecordsAll_NormalTest.java:54)<br />
              sun.reflect.NativeMethodAccessorImpl.invoke0(Native Method)<br />
              sun.reflect.NativeMethodAccessorImpl.invoke(Unknown Source)<br />
              sun.reflect.DelegatingMethodAccessorImpl.invoke(Unknown Source)<br />
              java.lang.reflect.Method.invoke(Unknown Source)<br />
              org.testng.internal.MethodInvocationHelper.invokeMethod(MethodInvocationHelper.java:84)<br />
              org.testng.internal.Invoker.invokeMethod(Invoker.java:714)<br />
              org.testng.internal.Invoker.invokeTestMethod(Invoker.java:901)<br />
              org.testng.internal.Invoker.invokeTestMethods(Invoker.java:1231)<br />
              org.testng.internal.TestMethodWorker.invokeTestMethods(TestMethodWorker.java:127)<br />
              org.testng.internal.TestMethodWorker.run(TestMethodWorker.java:111)<br />
              org.testng.TestRunner.privateRun(TestRunner.java:767)<br />
              org.testng.TestRunner.run(TestRunner.java:617)<br />
              org.testng.SuiteRunner.runTest(SuiteRunner.java:334)<br />
              org.testng.SuiteRunner.runSequentially(SuiteRunner.java:329)<br />
              org.testng.SuiteRunner.privateRun(SuiteRunner.java:291)<br />
              org.testng.SuiteRunner.run(SuiteRunner.java:240)<br />
              org.testng.SuiteRunnerWorker.runSuite(SuiteRunnerWorker.java:52)<br />
              org.testng.SuiteRunnerWorker.run(SuiteRunnerWorker.java:86)<br />
              org.testng.TestNG.runSuitesSequentially(TestNG.java:1224)<br />
              org.testng.TestNG.runSuitesLocally(TestNG.java:1149)<br />
              org.testng.TestNG.run(TestNG.java:1057)<br />
              org.testng.remote.AbstractRemoteTestNG.run(AbstractRemoteTestNG.java:126)<br />
              org.testng.remote.RemoteTestNG.initAndRun(RemoteTestNG.java:137)<br />
              org.testng.remote.RemoteTestNG.main(RemoteTestNG.java:58)<br />
                </div>
      </td>
</tr>
<tr>
  <td class="method">
                  testFrom_Resource
      </td>
  <td class="duration">
    0.074s
  </td>
  <td class="result">
        
          <i>Method arguments: </i><span class="arguments">"code006", "验证历史--全部--来源"</span><br />
    
        

        <a href="javascript:toggleElement('exception-5', 'block')" title="Click to expand/collapse"><b>java.lang.IndexOutOfBoundsException: Index: 0, Size: 0</b></a><br />
    <div class="stackTrace" id="exception-5">
              java.util.ArrayList.rangeCheck(Unknown Source)<br />
              java.util.ArrayList.get(Unknown Source)<br />
              smoke.b.qccr.VerificationRecordsAll_NormalTest.testFrom_Resource(VerificationRecordsAll_NormalTest.java:72)<br />
              sun.reflect.NativeMethodAccessorImpl.invoke0(Native Method)<br />
              sun.reflect.NativeMethodAccessorImpl.invoke(Unknown Source)<br />
              sun.reflect.DelegatingMethodAccessorImpl.invoke(Unknown Source)<br />
              java.lang.reflect.Method.invoke(Unknown Source)<br />
              org.testng.internal.MethodInvocationHelper.invokeMethod(MethodInvocationHelper.java:84)<br />
              org.testng.internal.Invoker.invokeMethod(Invoker.java:714)<br />
              org.testng.internal.Invoker.invokeTestMethod(Invoker.java:901)<br />
              org.testng.internal.Invoker.invokeTestMethods(Invoker.java:1231)<br />
              org.testng.internal.TestMethodWorker.invokeTestMethods(TestMethodWorker.java:127)<br />
              org.testng.internal.TestMethodWorker.run(TestMethodWorker.java:111)<br />
              org.testng.TestRunner.privateRun(TestRunner.java:767)<br />
              org.testng.TestRunner.run(TestRunner.java:617)<br />
              org.testng.SuiteRunner.runTest(SuiteRunner.java:334)<br />
              org.testng.SuiteRunner.runSequentially(SuiteRunner.java:329)<br />
              org.testng.SuiteRunner.privateRun(SuiteRunner.java:291)<br />
              org.testng.SuiteRunner.run(SuiteRunner.java:240)<br />
              org.testng.SuiteRunnerWorker.runSuite(SuiteRunnerWorker.java:52)<br />
              org.testng.SuiteRunnerWorker.run(SuiteRunnerWorker.java:86)<br />
              org.testng.TestNG.runSuitesSequentially(TestNG.java:1224)<br />
              org.testng.TestNG.runSuitesLocally(TestNG.java:1149)<br />
              org.testng.TestNG.run(TestNG.java:1057)<br />
              org.testng.remote.AbstractRemoteTestNG.run(AbstractRemoteTestNG.java:126)<br />
              org.testng.remote.RemoteTestNG.initAndRun(RemoteTestNG.java:137)<br />
              org.testng.remote.RemoteTestNG.main(RemoteTestNG.java:58)<br />
                </div>
      </td>
</tr>
<tr>
  <td class="method">
                  testRecord_no
      </td>
  <td class="duration">
    0.033s
  </td>
  <td class="result">
        
          <i>Method arguments: </i><span class="arguments">"code002", "验证历史--全部--订单编号"</span><br />
    
        

        <a href="javascript:toggleElement('exception-6', 'block')" title="Click to expand/collapse"><b>java.lang.IndexOutOfBoundsException: Index: 0, Size: 0</b></a><br />
    <div class="stackTrace" id="exception-6">
              java.util.ArrayList.rangeCheck(Unknown Source)<br />
              java.util.ArrayList.get(Unknown Source)<br />
              smoke.b.qccr.VerificationRecordsAll_NormalTest.testRecord_no(VerificationRecordsAll_NormalTest.java:62)<br />
              sun.reflect.NativeMethodAccessorImpl.invoke0(Native Method)<br />
              sun.reflect.NativeMethodAccessorImpl.invoke(Unknown Source)<br />
              sun.reflect.DelegatingMethodAccessorImpl.invoke(Unknown Source)<br />
              java.lang.reflect.Method.invoke(Unknown Source)<br />
              org.testng.internal.MethodInvocationHelper.invokeMethod(MethodInvocationHelper.java:84)<br />
              org.testng.internal.Invoker.invokeMethod(Invoker.java:714)<br />
              org.testng.internal.Invoker.invokeTestMethod(Invoker.java:901)<br />
              org.testng.internal.Invoker.invokeTestMethods(Invoker.java:1231)<br />
              org.testng.internal.TestMethodWorker.invokeTestMethods(TestMethodWorker.java:127)<br />
              org.testng.internal.TestMethodWorker.run(TestMethodWorker.java:111)<br />
              org.testng.TestRunner.privateRun(TestRunner.java:767)<br />
              org.testng.TestRunner.run(TestRunner.java:617)<br />
              org.testng.SuiteRunner.runTest(SuiteRunner.java:334)<br />
              org.testng.SuiteRunner.runSequentially(SuiteRunner.java:329)<br />
              org.testng.SuiteRunner.privateRun(SuiteRunner.java:291)<br />
              org.testng.SuiteRunner.run(SuiteRunner.java:240)<br />
              org.testng.SuiteRunnerWorker.runSuite(SuiteRunnerWorker.java:52)<br />
              org.testng.SuiteRunnerWorker.run(SuiteRunnerWorker.java:86)<br />
              org.testng.TestNG.runSuitesSequentially(TestNG.java:1224)<br />
              org.testng.TestNG.runSuitesLocally(TestNG.java:1149)<br />
              org.testng.TestNG.run(TestNG.java:1057)<br />
              org.testng.remote.AbstractRemoteTestNG.run(AbstractRemoteTestNG.java:126)<br />
              org.testng.remote.RemoteTestNG.initAndRun(RemoteTestNG.java:137)<br />
              org.testng.remote.RemoteTestNG.main(RemoteTestNG.java:58)<br />
                </div>
      </td>
</tr>
<tr>
  <td class="method">
                  testRecord_server_name
      </td>
  <td class="duration">
    0.146s
  </td>
  <td class="result">
        
          <i>Method arguments: </i><span class="arguments">"code003", "验证历史--全部--服务名"</span><br />
    
        

        <a href="javascript:toggleElement('exception-7', 'block')" title="Click to expand/collapse"><b>java.lang.IndexOutOfBoundsException: Index: 0, Size: 0</b></a><br />
    <div class="stackTrace" id="exception-7">
              java.util.ArrayList.rangeCheck(Unknown Source)<br />
              java.util.ArrayList.get(Unknown Source)<br />
              smoke.b.qccr.VerificationRecordsAll_NormalTest.testRecord_server_name(VerificationRecordsAll_NormalTest.java:91)<br />
              sun.reflect.NativeMethodAccessorImpl.invoke0(Native Method)<br />
              sun.reflect.NativeMethodAccessorImpl.invoke(Unknown Source)<br />
              sun.reflect.DelegatingMethodAccessorImpl.invoke(Unknown Source)<br />
              java.lang.reflect.Method.invoke(Unknown Source)<br />
              org.testng.internal.MethodInvocationHelper.invokeMethod(MethodInvocationHelper.java:84)<br />
              org.testng.internal.Invoker.invokeMethod(Invoker.java:714)<br />
              org.testng.internal.Invoker.invokeTestMethod(Invoker.java:901)<br />
              org.testng.internal.Invoker.invokeTestMethods(Invoker.java:1231)<br />
              org.testng.internal.TestMethodWorker.invokeTestMethods(TestMethodWorker.java:127)<br />
              org.testng.internal.TestMethodWorker.run(TestMethodWorker.java:111)<br />
              org.testng.TestRunner.privateRun(TestRunner.java:767)<br />
              org.testng.TestRunner.run(TestRunner.java:617)<br />
              org.testng.SuiteRunner.runTest(SuiteRunner.java:334)<br />
              org.testng.SuiteRunner.runSequentially(SuiteRunner.java:329)<br />
              org.testng.SuiteRunner.privateRun(SuiteRunner.java:291)<br />
              org.testng.SuiteRunner.run(SuiteRunner.java:240)<br />
              org.testng.SuiteRunnerWorker.runSuite(SuiteRunnerWorker.java:52)<br />
              org.testng.SuiteRunnerWorker.run(SuiteRunnerWorker.java:86)<br />
              org.testng.TestNG.runSuitesSequentially(TestNG.java:1224)<br />
              org.testng.TestNG.runSuitesLocally(TestNG.java:1149)<br />
              org.testng.TestNG.run(TestNG.java:1057)<br />
              org.testng.remote.AbstractRemoteTestNG.run(AbstractRemoteTestNG.java:126)<br />
              org.testng.remote.RemoteTestNG.initAndRun(RemoteTestNG.java:137)<br />
              org.testng.remote.RemoteTestNG.main(RemoteTestNG.java:58)<br />
                </div>
      </td>
</tr>
<tr>
  <td class="method">
                  testRecord_sprice
      </td>
  <td class="duration">
    3.224s
  </td>
  <td class="result">
        
          <i>Method arguments: </i><span class="arguments">"code004", "验证历史--全部--价格"</span><br />
    
        

        <a href="javascript:toggleElement('exception-8', 'block')" title="Click to expand/collapse"><b>java.lang.IndexOutOfBoundsException: Index: 0, Size: 0</b></a><br />
    <div class="stackTrace" id="exception-8">
              java.util.ArrayList.rangeCheck(Unknown Source)<br />
              java.util.ArrayList.get(Unknown Source)<br />
              smoke.b.qccr.VerificationRecordsAll_NormalTest.testRecord_sprice(VerificationRecordsAll_NormalTest.java:99)<br />
              sun.reflect.NativeMethodAccessorImpl.invoke0(Native Method)<br />
              sun.reflect.NativeMethodAccessorImpl.invoke(Unknown Source)<br />
              sun.reflect.DelegatingMethodAccessorImpl.invoke(Unknown Source)<br />
              java.lang.reflect.Method.invoke(Unknown Source)<br />
              org.testng.internal.MethodInvocationHelper.invokeMethod(MethodInvocationHelper.java:84)<br />
              org.testng.internal.Invoker.invokeMethod(Invoker.java:714)<br />
              org.testng.internal.Invoker.invokeTestMethod(Invoker.java:901)<br />
              org.testng.internal.Invoker.invokeTestMethods(Invoker.java:1231)<br />
              org.testng.internal.TestMethodWorker.invokeTestMethods(TestMethodWorker.java:127)<br />
              org.testng.internal.TestMethodWorker.run(TestMethodWorker.java:111)<br />
              org.testng.TestRunner.privateRun(TestRunner.java:767)<br />
              org.testng.TestRunner.run(TestRunner.java:617)<br />
              org.testng.SuiteRunner.runTest(SuiteRunner.java:334)<br />
              org.testng.SuiteRunner.runSequentially(SuiteRunner.java:329)<br />
              org.testng.SuiteRunner.privateRun(SuiteRunner.java:291)<br />
              org.testng.SuiteRunner.run(SuiteRunner.java:240)<br />
              org.testng.SuiteRunnerWorker.runSuite(SuiteRunnerWorker.java:52)<br />
              org.testng.SuiteRunnerWorker.run(SuiteRunnerWorker.java:86)<br />
              org.testng.TestNG.runSuitesSequentially(TestNG.java:1224)<br />
              org.testng.TestNG.runSuitesLocally(TestNG.java:1149)<br />
              org.testng.TestNG.run(TestNG.java:1057)<br />
              org.testng.remote.AbstractRemoteTestNG.run(AbstractRemoteTestNG.java:126)<br />
              org.testng.remote.RemoteTestNG.initAndRun(RemoteTestNG.java:137)<br />
              org.testng.remote.RemoteTestNG.main(RemoteTestNG.java:58)<br />
                </div>
      </td>
</tr>
          <tr>
        <td colspan="3" class="group">smoke.b.qccr.VerificationRecordsMonth_NormalTest</td>
      </tr>
            
<tr>
  <td class="method">
                  testMonth_countNum
      </td>
  <td class="duration">
    6.034s
  </td>
  <td class="result">
        
          <i>Method arguments: </i><span class="arguments">"code001", "验证历史--本月--订单数量"</span><br />
    
        

        <a href="javascript:toggleElement('exception-9', 'block')" title="Click to expand/collapse"><b>java.lang.AssertionError: 数量不一致 expected [11] but found [0]</b></a><br />
    <div class="stackTrace" id="exception-9">
              org.testng.Assert.fail(Assert.java:94)<br />
              org.testng.Assert.failNotEquals(Assert.java:494)<br />
              org.testng.Assert.assertEquals(Assert.java:123)<br />
              org.testng.Assert.assertEquals(Assert.java:176)<br />
              com.common.ats.Assert.AtsAssertUtils.assertEquals(AtsAssertUtils.java:33)<br />
              smoke.b.qccr.VerificationRecordsMonth_NormalTest.testMonth_countNum(VerificationRecordsMonth_NormalTest.java:56)<br />
              sun.reflect.NativeMethodAccessorImpl.invoke0(Native Method)<br />
              sun.reflect.NativeMethodAccessorImpl.invoke(Unknown Source)<br />
              sun.reflect.DelegatingMethodAccessorImpl.invoke(Unknown Source)<br />
              java.lang.reflect.Method.invoke(Unknown Source)<br />
              org.testng.internal.MethodInvocationHelper.invokeMethod(MethodInvocationHelper.java:84)<br />
              org.testng.internal.Invoker.invokeMethod(Invoker.java:714)<br />
              org.testng.internal.Invoker.invokeTestMethod(Invoker.java:901)<br />
              org.testng.internal.Invoker.invokeTestMethods(Invoker.java:1231)<br />
              org.testng.internal.TestMethodWorker.invokeTestMethods(TestMethodWorker.java:127)<br />
              org.testng.internal.TestMethodWorker.run(TestMethodWorker.java:111)<br />
              org.testng.TestRunner.privateRun(TestRunner.java:767)<br />
              org.testng.TestRunner.run(TestRunner.java:617)<br />
              org.testng.SuiteRunner.runTest(SuiteRunner.java:334)<br />
              org.testng.SuiteRunner.runSequentially(SuiteRunner.java:329)<br />
              org.testng.SuiteRunner.privateRun(SuiteRunner.java:291)<br />
              org.testng.SuiteRunner.run(SuiteRunner.java:240)<br />
              org.testng.SuiteRunnerWorker.runSuite(SuiteRunnerWorker.java:52)<br />
              org.testng.SuiteRunnerWorker.run(SuiteRunnerWorker.java:86)<br />
              org.testng.TestNG.runSuitesSequentially(TestNG.java:1224)<br />
              org.testng.TestNG.runSuitesLocally(TestNG.java:1149)<br />
              org.testng.TestNG.run(TestNG.java:1057)<br />
              org.testng.remote.AbstractRemoteTestNG.run(AbstractRemoteTestNG.java:126)<br />
              org.testng.remote.RemoteTestNG.initAndRun(RemoteTestNG.java:137)<br />
              org.testng.remote.RemoteTestNG.main(RemoteTestNG.java:58)<br />
                </div>
      </td>
</tr>
<tr>
  <td class="method">
                  testMonth_no
      </td>
  <td class="duration">
    0.110s
  </td>
  <td class="result">
        
          <i>Method arguments: </i><span class="arguments">"code002", "验证历史--本月--订单编号"</span><br />
    
        

        <a href="javascript:toggleElement('exception-10', 'block')" title="Click to expand/collapse"><b>java.lang.IndexOutOfBoundsException: Index: 0, Size: 0</b></a><br />
    <div class="stackTrace" id="exception-10">
              java.util.ArrayList.rangeCheck(Unknown Source)<br />
              java.util.ArrayList.get(Unknown Source)<br />
              smoke.b.qccr.VerificationRecordsMonth_NormalTest.testMonth_no(VerificationRecordsMonth_NormalTest.java:70)<br />
              sun.reflect.NativeMethodAccessorImpl.invoke0(Native Method)<br />
              sun.reflect.NativeMethodAccessorImpl.invoke(Unknown Source)<br />
              sun.reflect.DelegatingMethodAccessorImpl.invoke(Unknown Source)<br />
              java.lang.reflect.Method.invoke(Unknown Source)<br />
              org.testng.internal.MethodInvocationHelper.invokeMethod(MethodInvocationHelper.java:84)<br />
              org.testng.internal.Invoker.invokeMethod(Invoker.java:714)<br />
              org.testng.internal.Invoker.invokeTestMethod(Invoker.java:901)<br />
              org.testng.internal.Invoker.invokeTestMethods(Invoker.java:1231)<br />
              org.testng.internal.TestMethodWorker.invokeTestMethods(TestMethodWorker.java:127)<br />
              org.testng.internal.TestMethodWorker.run(TestMethodWorker.java:111)<br />
              org.testng.TestRunner.privateRun(TestRunner.java:767)<br />
              org.testng.TestRunner.run(TestRunner.java:617)<br />
              org.testng.SuiteRunner.runTest(SuiteRunner.java:334)<br />
              org.testng.SuiteRunner.runSequentially(SuiteRunner.java:329)<br />
              org.testng.SuiteRunner.privateRun(SuiteRunner.java:291)<br />
              org.testng.SuiteRunner.run(SuiteRunner.java:240)<br />
              org.testng.SuiteRunnerWorker.runSuite(SuiteRunnerWorker.java:52)<br />
              org.testng.SuiteRunnerWorker.run(SuiteRunnerWorker.java:86)<br />
              org.testng.TestNG.runSuitesSequentially(TestNG.java:1224)<br />
              org.testng.TestNG.runSuitesLocally(TestNG.java:1149)<br />
              org.testng.TestNG.run(TestNG.java:1057)<br />
              org.testng.remote.AbstractRemoteTestNG.run(AbstractRemoteTestNG.java:126)<br />
              org.testng.remote.RemoteTestNG.initAndRun(RemoteTestNG.java:137)<br />
              org.testng.remote.RemoteTestNG.main(RemoteTestNG.java:58)<br />
                </div>
      </td>
</tr>
<tr>
  <td class="method">
                  testMonth_server_name
      </td>
  <td class="duration">
    0.059s
  </td>
  <td class="result">
        
          <i>Method arguments: </i><span class="arguments">"code001", "验证历史--本月--服务名称"</span><br />
    
        

        <a href="javascript:toggleElement('exception-11', 'block')" title="Click to expand/collapse"><b>java.lang.IndexOutOfBoundsException: Index: 0, Size: 0</b></a><br />
    <div class="stackTrace" id="exception-11">
              java.util.ArrayList.rangeCheck(Unknown Source)<br />
              java.util.ArrayList.get(Unknown Source)<br />
              smoke.b.qccr.VerificationRecordsMonth_NormalTest.testMonth_server_name(VerificationRecordsMonth_NormalTest.java:85)<br />
              sun.reflect.NativeMethodAccessorImpl.invoke0(Native Method)<br />
              sun.reflect.NativeMethodAccessorImpl.invoke(Unknown Source)<br />
              sun.reflect.DelegatingMethodAccessorImpl.invoke(Unknown Source)<br />
              java.lang.reflect.Method.invoke(Unknown Source)<br />
              org.testng.internal.MethodInvocationHelper.invokeMethod(MethodInvocationHelper.java:84)<br />
              org.testng.internal.Invoker.invokeMethod(Invoker.java:714)<br />
              org.testng.internal.Invoker.invokeTestMethod(Invoker.java:901)<br />
              org.testng.internal.Invoker.invokeTestMethods(Invoker.java:1231)<br />
              org.testng.internal.TestMethodWorker.invokeTestMethods(TestMethodWorker.java:127)<br />
              org.testng.internal.TestMethodWorker.run(TestMethodWorker.java:111)<br />
              org.testng.TestRunner.privateRun(TestRunner.java:767)<br />
              org.testng.TestRunner.run(TestRunner.java:617)<br />
              org.testng.SuiteRunner.runTest(SuiteRunner.java:334)<br />
              org.testng.SuiteRunner.runSequentially(SuiteRunner.java:329)<br />
              org.testng.SuiteRunner.privateRun(SuiteRunner.java:291)<br />
              org.testng.SuiteRunner.run(SuiteRunner.java:240)<br />
              org.testng.SuiteRunnerWorker.runSuite(SuiteRunnerWorker.java:52)<br />
              org.testng.SuiteRunnerWorker.run(SuiteRunnerWorker.java:86)<br />
              org.testng.TestNG.runSuitesSequentially(TestNG.java:1224)<br />
              org.testng.TestNG.runSuitesLocally(TestNG.java:1149)<br />
              org.testng.TestNG.run(TestNG.java:1057)<br />
              org.testng.remote.AbstractRemoteTestNG.run(AbstractRemoteTestNG.java:126)<br />
              org.testng.remote.RemoteTestNG.initAndRun(RemoteTestNG.java:137)<br />
              org.testng.remote.RemoteTestNG.main(RemoteTestNG.java:58)<br />
                </div>
      </td>
</tr>
      </table>


  <table class="resultsTable">
    <tr><th colspan="3" class="header passed">Passed Tests</th></tr>
          <tr>
        <td colspan="3" class="group">smoke.b.qccr.AccoutInfoAddAddress_NormalTest</td>
      </tr>
            
<tr>
  <td class="method">
                  testAddDB
      </td>
  <td class="duration">
    30.146s
  </td>
  <td class="result">
        
          <i>Method arguments: </i><span class="arguments">"add_address_002", "添加地址DB信息", "uiauto", "13213213213", "西湖路111号"</span><br />
    
        

      </td>
</tr>
          <tr>
        <td colspan="3" class="group">smoke.b.qccr.AccoutInfoReceiveGoodsAddressr_NormalTest</td>
      </tr>
            
<tr>
  <td class="method">
                  testAddPage
      </td>
  <td class="duration">
    6.369s
  </td>
  <td class="result">
        
          <i>Method arguments: </i><span class="arguments">"add_address_001", "添加收货地址page信息", "uiauto"</span><br />
    
        

      </td>
</tr>
          <tr>
        <td colspan="3" class="group">smoke.b.qccr.AccoutInfo_NormalTest</td>
      </tr>
            
<tr>
  <td class="method">
                  storeAddress
      </td>
  <td class="duration">
    13.303s
  </td>
  <td class="result">
        
          <i>Method arguments: </i><span class="arguments">"AccoutInfo_005", "门店地址"</span><br />
    
        

      </td>
</tr>
<tr>
  <td class="method">
                  yingYeOverTime
      </td>
  <td class="duration">
    0.172s
  </td>
  <td class="result">
        
          <i>Method arguments: </i><span class="arguments">"AccoutInfo_003", "营业结束时间"</span><br />
    
        

      </td>
</tr>
<tr>
  <td class="method">
                  yingYeStartTime
      </td>
  <td class="duration">
    0.084s
  </td>
  <td class="result">
        
          <i>Method arguments: </i><span class="arguments">"AccoutInfo_002", "营业开始时间"</span><br />
    
        

      </td>
</tr>
<tr>
  <td class="method">
                  yingYeStatus
      </td>
  <td class="duration">
    0.514s
  </td>
  <td class="result">
        
          <i>Method arguments: </i><span class="arguments">"AccoutInfo_004", "营业状态"</span><br />
    
        

      </td>
</tr>
          <tr>
        <td colspan="3" class="group">smoke.b.qccr.ExceptionOrders_NormalTest</td>
      </tr>
            
<tr>
  <td class="method">
                  testExceptionName
      </td>
  <td class="duration">
    5.720s
  </td>
  <td class="result">
        
          <i>Method arguments: </i><span class="arguments">"exceptionOrder_001", "异常订单的名称"</span><br />
    
        

      </td>
</tr>
<tr>
  <td class="method">
                  testExceptionNo
      </td>
  <td class="duration">
    0.186s
  </td>
  <td class="result">
        
          <i>Method arguments: </i><span class="arguments">"exceptionOrder_002", "异常订单的编号"</span><br />
    
        

      </td>
</tr>
<tr>
  <td class="method">
                  testExceptionPrice
      </td>
  <td class="duration">
    6.744s
  </td>
  <td class="result">
        
          <i>Method arguments: </i><span class="arguments">"exceptionOrder_003", "异常订单的价格"</span><br />
    
        

      </td>
</tr>
          <tr>
        <td colspan="3" class="group">smoke.b.qccr.GoodsList_NormalTest</td>
      </tr>
            
<tr>
  <td class="method">
                  testExist
      </td>
  <td class="duration">
    4.505s
  </td>
  <td class="result">
        
          <i>Method arguments: </i><span class="arguments">"GoodsList_01", "商品列表是否为空"</span><br />
    
        

      </td>
</tr>
<tr>
  <td class="method">
                  testProductName
      </td>
  <td class="duration">
    4.025s
  </td>
  <td class="result">
        
          <i>Method arguments: </i><span class="arguments">"GoodsList_02", "商品名称是否一致"</span><br />
    
        

      </td>
</tr>
          <tr>
        <td colspan="3" class="group">smoke.b.qccr.ShoppingCart_NormalTest</td>
      </tr>
            
<tr>
  <td class="method">
                  testProductNum
      </td>
  <td class="duration">
    0.610s
  </td>
  <td class="result">
        
          <i>Method arguments: </i><span class="arguments">"shoppingCart_02", "验证购物车商品数量"</span><br />
    
        

      </td>
</tr>
<tr>
  <td class="method">
                  testProductPrice
      </td>
  <td class="duration">
    1.046s
  </td>
  <td class="result">
        
          <i>Method arguments: </i><span class="arguments">"shoppingCart_03", "验证购物车商品价格"</span><br />
    
        

      </td>
</tr>
          <tr>
        <td colspan="3" class="group">smoke.b.qccr.TikuanLess_NormalTest</td>
      </tr>
            
<tr>
  <td class="method">
                  testDrawMoneyLess
      </td>
  <td class="duration">
    11.187s
  </td>
  <td class="result">
        
          <i>Method arguments: </i><span class="arguments">"DrawMoney_001", "提款金额不足"</span><br />
    
        

      </td>
</tr>
          <tr>
        <td colspan="3" class="group">smoke.b.qccr.TikuanMoney_NormalTest</td>
      </tr>
            
<tr>
  <td class="method">
                  testAbnormal_money
      </td>
  <td class="duration">
    3.652s
  </td>
  <td class="result">
        
          <i>Method arguments: </i><span class="arguments">"money_001", "异常订单金额"</span><br />
    
        

      </td>
</tr>
<tr>
  <td class="method">
                  testAudit_money
      </td>
  <td class="duration">
    0.276s
  </td>
  <td class="result">
        
          <i>Method arguments: </i><span class="arguments">"money_002", "待审核金额"</span><br />
    
        

      </td>
</tr>
<tr>
  <td class="method">
                  testMoney_total
      </td>
  <td class="duration">
    0.385s
  </td>
  <td class="result">
        
          <i>Method arguments: </i><span class="arguments">"money_003", "可提款金额"</span><br />
    
        

      </td>
</tr>
<tr>
  <td class="method">
                  testTotal_nomey
      </td>
  <td class="duration">
    3.302s
  </td>
  <td class="result">
        
          <i>Method arguments: </i><span class="arguments">"money_004", "累计提款金额"</span><br />
    
        

      </td>
</tr>
          <tr>
        <td colspan="3" class="group">smoke.b.qccr.Tikuan_NormalTest</td>
      </tr>
            
<tr>
  <td class="method">
                  testOrder_amount
      </td>
  <td class="duration">
    0.066s
  </td>
  <td class="result">
        
          <i>Method arguments: </i><span class="arguments">"DrawMoney_002", "订单金额"</span><br />
    
        

      </td>
</tr>
<tr>
  <td class="method">
                  testOrder_numbers
      </td>
  <td class="duration">
    0.067s
  </td>
  <td class="result">
        
          <i>Method arguments: </i><span class="arguments">"DrawMoney_003", "订单数量"</span><br />
    
        

      </td>
</tr>
<tr>
  <td class="method">
                  testReward_amount
      </td>
  <td class="duration">
    3.338s
  </td>
  <td class="result">
        
          <i>Method arguments: </i><span class="arguments">"DrawMoney_004", "奖励数量"</span><br />
    
        

      </td>
</tr>
          <tr>
        <td colspan="3" class="group">smoke.b.qccr.VerificationCode_AbormalTest</td>
      </tr>
            
<tr>
  <td class="method">
                  testAfterSale
      </td>
  <td class="duration">
    26.829s
  </td>
  <td class="result">
        
          <i>Method arguments: </i><span class="arguments">"code001", "申请了售后的验证码", "953221016686"</span><br />
    
        

      </td>
</tr>
<tr>
  <td class="method">
                  testCodeLess
      </td>
  <td class="duration">
    20.649s
  </td>
  <td class="result">
        
          <i>Method arguments: </i><span class="arguments">"code002", "位数不足的验证码", "12345"</span><br />
    
        

      </td>
</tr>
<tr>
  <td class="method">
                  testInvalidCode
      </td>
  <td class="duration">
    21.274s
  </td>
  <td class="result">
        
          <i>Method arguments: </i><span class="arguments">"code003", "无效的验证码", "123456789987"</span><br />
    
        

      </td>
</tr>
<tr>
  <td class="method">
                  testNoConfirm
      </td>
  <td class="duration">
    27.960s
  </td>
  <td class="result">
        
          <i>Method arguments: </i><span class="arguments">"code003", "没有确认的验证码", "853271016734"</span><br />
    
        

      </td>
</tr>
<tr>
  <td class="method">
                  testOtherStore
      </td>
  <td class="duration">
    27.045s
  </td>
  <td class="result">
        
          <i>Method arguments: </i><span class="arguments">"code004", "其他门店的验证码", "053231016817"</span><br />
    
        

      </td>
</tr>
<tr>
  <td class="method">
                  testUsedCode
      </td>
  <td class="duration">
    27.497s
  </td>
  <td class="result">
        
          <i>Method arguments: </i><span class="arguments">"code005", "使用过的验证码"</span><br />
    
        

      </td>
</tr>
          <tr>
        <td colspan="3" class="group">smoke.b.qccr.VerificationRecordsMonth_NormalTest</td>
      </tr>
            
<tr>
  <td class="method">
                  testMonth_sprice
      </td>
  <td class="duration">
    3.282s
  </td>
  <td class="result">
        
          <i>Method arguments: </i><span class="arguments">"code001", "验证历史--本月--价格"</span><br />
    
        

      </td>
</tr>
          <tr>
        <td colspan="3" class="group">smoke.b.qccr.VerificationRecordsToday_NormalTest</td>
      </tr>
            
<tr>
  <td class="method">
                  testToday_countNum
      </td>
  <td class="duration">
    4.944s
  </td>
  <td class="result">
        
          <i>Method arguments: </i><span class="arguments">"code001", "验证历史--今天--订单数量"</span><br />
    
        

      </td>
</tr>
<tr>
  <td class="method">
                  testToday_no
      </td>
  <td class="duration">
    0.085s
  </td>
  <td class="result">
        
          <i>Method arguments: </i><span class="arguments">"code002", "验证历史--今天--订单编号"</span><br />
    
        

      </td>
</tr>
<tr>
  <td class="method">
                  testToday_server_name
      </td>
  <td class="duration">
    0.034s
  </td>
  <td class="result">
        
          <i>Method arguments: </i><span class="arguments">"code003", "验证历史--今天--服务名称"</span><br />
    
        

      </td>
</tr>
<tr>
  <td class="method">
                  testToday_sprice
      </td>
  <td class="duration">
    3.214s
  </td>
  <td class="result">
        
          <i>Method arguments: </i><span class="arguments">"code001", "验证历史--今天--订单价格"</span><br />
    
        

      </td>
</tr>
          <tr>
        <td colspan="3" class="group">smoke.b.qccr.VerificationRecordsWeek_NormalTest</td>
      </tr>
            
<tr>
  <td class="method">
                  testWeek_countNum
      </td>
  <td class="duration">
    4.500s
  </td>
  <td class="result">
        
          <i>Method arguments: </i><span class="arguments">"code001", "验证历史--本周--订单数量"</span><br />
    
        

      </td>
</tr>
<tr>
  <td class="method">
                  testWeek_no
      </td>
  <td class="duration">
    0.047s
  </td>
  <td class="result">
        
          <i>Method arguments: </i><span class="arguments">"code002", "验证历史--本周--订单编号"</span><br />
    
        

      </td>
</tr>
<tr>
  <td class="method">
                  testWeek_server_name
      </td>
  <td class="duration">
    0.120s
  </td>
  <td class="result">
        
          <i>Method arguments: </i><span class="arguments">"code003", "验证历史--本周--服务名称"</span><br />
    
        

      </td>
</tr>
<tr>
  <td class="method">
                  testWeek_sprice
      </td>
  <td class="duration">
    3.210s
  </td>
  <td class="result">
        
          <i>Method arguments: </i><span class="arguments">"code003", "验证历史--本周--订单价格"</span><br />
    
        

      </td>
</tr>
      </table>
  
</body>
</html>
